[debug] [2025-06-27T00:20:35.503Z] ----------------------------------------------------------------------
[debug] [2025-06-27T00:20:35.504Z] Command:       C:\Program Files\nodejs\node.exe C:\Users\Anh Triet\AppData\Roaming\npm\node_modules\firebase-tools\lib\bin\firebase.js init
[debug] [2025-06-27T00:20:35.505Z] CLI Version:   14.9.0
[debug] [2025-06-27T00:20:35.505Z] Platform:      win32
[debug] [2025-06-27T00:20:35.505Z] Node Version:  v22.17.0
[debug] [2025-06-27T00:20:35.505Z] Time:          Thu Jun 26 2025 19:20:35 GMT-0500 (Central Daylight Time)
[debug] [2025-06-27T00:20:35.505Z] ----------------------------------------------------------------------
[debug] 
[debug] [2025-06-27T00:20:35.510Z] > command requires scopes: ["email","openid","https://www.googleapis.com/auth/cloudplatformprojects.readonly","https://www.googleapis.com/auth/firebase","https://www.googleapis.com/auth/cloud-platform"]
[debug] [2025-06-27T00:20:35.511Z] > authorizing via signed-in user (anhtriet1810@gmail.com)
[info] 
     ######## #### ########  ######## ########     ###     ######  ########
     ##        ##  ##     ## ##       ##     ##  ##   ##  ##       ##
     ######    ##  ########  ######   ########  #########  ######  ######
     ##        ##  ##    ##  ##       ##     ## ##     ##       ## ##
     ##       #### ##     ## ######## ########  ##     ##  ######  ########

You're about to initialize a Firebase project in this directory:

  E:\ESP32\web\server2

[info] 
=== Project Setup
[info] 
[info] First, let's associate this project directory with a Firebase project.
[info] You can create multiple project aliases by running firebase use --add, 
[info] but for now we'll just set up a default project.
[info] 
[debug] [2025-06-27T00:20:43.463Z] Checked if tokens are valid: true, expires at: 1750986795944
[debug] [2025-06-27T00:20:43.463Z] Checked if tokens are valid: true, expires at: 1750986795944
[debug] [2025-06-27T00:20:43.464Z] >>> [apiv2][query] GET https://firebase.googleapis.com/v1beta1/projects pageSize=100
[debug] [2025-06-27T00:20:43.767Z] <<< [apiv2][status] GET https://firebase.googleapis.com/v1beta1/projects 200
[debug] [2025-06-27T00:20:43.767Z] <<< [apiv2][body] GET https://firebase.googleapis.com/v1beta1/projects [omitted]
[info] i  Using project medsafe-a1fdf (MedSafe) 
[info] 
=== App Hosting Setup
[debug] [2025-06-27T00:20:45.199Z] Checked if tokens are valid: true, expires at: 1750986795944
[debug] [2025-06-27T00:20:45.199Z] Checked if tokens are valid: true, expires at: 1750986795944
[debug] [2025-06-27T00:20:45.199Z] >>> [apiv2][query] GET https://cloudbilling.googleapis.com/v1/projects/medsafe-a1fdf/billingInfo [none]
[debug] [2025-06-27T00:20:45.313Z] <<< [apiv2][status] GET https://cloudbilling.googleapis.com/v1/projects/medsafe-a1fdf/billingInfo 200
[debug] [2025-06-27T00:20:45.313Z] <<< [apiv2][body] GET https://cloudbilling.googleapis.com/v1/projects/medsafe-a1fdf/billingInfo {"name":"projects/medsafe-a1fdf/billingInfo","projectId":"medsafe-a1fdf","billingAccountName":"billingAccounts/01F482-BCACBA-524FD4","billingEnabled":true}
[debug] [2025-06-27T00:20:45.317Z] Checked if tokens are valid: true, expires at: 1750986795944
[debug] [2025-06-27T00:20:45.317Z] Checked if tokens are valid: true, expires at: 1750986795944
[debug] [2025-06-27T00:20:45.317Z] >>> [apiv2][query] POST https://iam.googleapis.com/v1/projects/medsafe-a1fdf/serviceAccounts/firebase-app-hosting-compute@medsafe-a1fdf.iam.gserviceaccount.com:testIamPermissions [none]
[debug] [2025-06-27T00:20:45.317Z] >>> [apiv2][(partial)header] POST https://iam.googleapis.com/v1/projects/medsafe-a1fdf/serviceAccounts/firebase-app-hosting-compute@medsafe-a1fdf.iam.gserviceaccount.com:testIamPermissions x-goog-quota-user=projects/medsafe-a1fdf
[debug] [2025-06-27T00:20:45.317Z] >>> [apiv2][body] POST https://iam.googleapis.com/v1/projects/medsafe-a1fdf/serviceAccounts/firebase-app-hosting-compute@medsafe-a1fdf.iam.gserviceaccount.com:testIamPermissions {"permissions":["iam.serviceAccounts.actAs"]}
[debug] [2025-06-27T00:20:45.450Z] <<< [apiv2][status] POST https://iam.googleapis.com/v1/projects/medsafe-a1fdf/serviceAccounts/firebase-app-hosting-compute@medsafe-a1fdf.iam.gserviceaccount.com:testIamPermissions 200
[debug] [2025-06-27T00:20:45.450Z] <<< [apiv2][body] POST https://iam.googleapis.com/v1/projects/medsafe-a1fdf/serviceAccounts/firebase-app-hosting-compute@medsafe-a1fdf.iam.gserviceaccount.com:testIamPermissions {"permissions":["iam.serviceAccounts.actAs"]}
[debug] [2025-06-27T00:20:45.451Z] Checked if tokens are valid: true, expires at: 1750986795944
[debug] [2025-06-27T00:20:45.451Z] Checked if tokens are valid: true, expires at: 1750986795944
[debug] [2025-06-27T00:20:45.451Z] >>> [apiv2][query] POST https://cloudresourcemanager.googleapis.com/v1/projects/medsafe-a1fdf:getIamPolicy [none]
[debug] [2025-06-27T00:20:45.623Z] <<< [apiv2][status] POST https://cloudresourcemanager.googleapis.com/v1/projects/medsafe-a1fdf:getIamPolicy 200
[debug] [2025-06-27T00:20:45.623Z] <<< [apiv2][body] POST https://cloudresourcemanager.googleapis.com/v1/projects/medsafe-a1fdf:getIamPolicy {"version":1,"etag":"BwY4gqCq8gg=","bindings":[{"role":"roles/cloudbuild.builds.builder","members":["serviceAccount:408247003242@cloudbuild.gserviceaccount.com"]},{"role":"roles/cloudbuild.serviceAgent","members":["serviceAccount:service-408247003242@gcp-sa-cloudbuild.iam.gserviceaccount.com"]},{"role":"roles/containerregistry.ServiceAgent","members":["serviceAccount:service-408247003242@containerregistry.iam.gserviceaccount.com"]},{"role":"roles/editor","members":["serviceAccount:408247003242-compute@developer.gserviceaccount.com"]},{"role":"roles/firebase.managementServiceAgent","members":["serviceAccount:service-408247003242@gcp-sa-firebase.iam.gserviceaccount.com"]},{"role":"roles/firebase.sdkAdminServiceAgent","members":["serviceAccount:firebase-adminsdk-fbsvc@medsafe-a1fdf.iam.gserviceaccount.com"]},{"role":"roles/iam.serviceAccountTokenCreator","members":["serviceAccount:firebase-adminsdk-fbsvc@medsafe-a1fdf.iam.gserviceaccount.com"]},{"role":"roles/owner","members":["user:anhtriet1810@gmail.com"]},{"role":"roles/run.serviceAgent","members":["serviceAccount:service-408247003242@serverless-robot-prod.iam.gserviceaccount.com"]}]}
[debug] [2025-06-27T00:20:45.623Z] Checked if tokens are valid: true, expires at: 1750986795944
[debug] [2025-06-27T00:20:45.623Z] Checked if tokens are valid: true, expires at: 1750986795944
[debug] [2025-06-27T00:20:45.624Z] >>> [apiv2][query] POST https://cloudresourcemanager.googleapis.com/v1/projects/medsafe-a1fdf:getIamPolicy [none]
[debug] [2025-06-27T00:20:45.816Z] <<< [apiv2][status] POST https://cloudresourcemanager.googleapis.com/v1/projects/medsafe-a1fdf:getIamPolicy 200
[debug] [2025-06-27T00:20:45.816Z] <<< [apiv2][body] POST https://cloudresourcemanager.googleapis.com/v1/projects/medsafe-a1fdf:getIamPolicy {"version":1,"etag":"BwY4gqCq8gg=","bindings":[{"role":"roles/cloudbuild.builds.builder","members":["serviceAccount:408247003242@cloudbuild.gserviceaccount.com"]},{"role":"roles/cloudbuild.serviceAgent","members":["serviceAccount:service-408247003242@gcp-sa-cloudbuild.iam.gserviceaccount.com"]},{"role":"roles/containerregistry.ServiceAgent","members":["serviceAccount:service-408247003242@containerregistry.iam.gserviceaccount.com"]},{"role":"roles/editor","members":["serviceAccount:408247003242-compute@developer.gserviceaccount.com"]},{"role":"roles/firebase.managementServiceAgent","members":["serviceAccount:service-408247003242@gcp-sa-firebase.iam.gserviceaccount.com"]},{"role":"roles/firebase.sdkAdminServiceAgent","members":["serviceAccount:firebase-adminsdk-fbsvc@medsafe-a1fdf.iam.gserviceaccount.com"]},{"role":"roles/iam.serviceAccountTokenCreator","members":["serviceAccount:firebase-adminsdk-fbsvc@medsafe-a1fdf.iam.gserviceaccount.com"]},{"role":"roles/owner","members":["user:anhtriet1810@gmail.com"]},{"role":"roles/run.serviceAgent","members":["serviceAccount:service-408247003242@serverless-robot-prod.iam.gserviceaccount.com"]}]}
[debug] [2025-06-27T00:20:45.817Z] Checked if tokens are valid: true, expires at: 1750986795944
[debug] [2025-06-27T00:20:45.817Z] Checked if tokens are valid: true, expires at: 1750986795944
[debug] [2025-06-27T00:20:45.817Z] >>> [apiv2][query] POST https://cloudresourcemanager.googleapis.com/v1/projects/medsafe-a1fdf:setIamPolicy [none]
[debug] [2025-06-27T00:20:45.817Z] >>> [apiv2][body] POST https://cloudresourcemanager.googleapis.com/v1/projects/medsafe-a1fdf:setIamPolicy {"policy":{"version":1,"etag":"BwY4gqCq8gg=","bindings":[{"role":"roles/cloudbuild.builds.builder","members":["serviceAccount:408247003242@cloudbuild.gserviceaccount.com"]},{"role":"roles/cloudbuild.serviceAgent","members":["serviceAccount:service-408247003242@gcp-sa-cloudbuild.iam.gserviceaccount.com"]},{"role":"roles/containerregistry.ServiceAgent","members":["serviceAccount:service-408247003242@containerregistry.iam.gserviceaccount.com"]},{"role":"roles/editor","members":["serviceAccount:408247003242-compute@developer.gserviceaccount.com"]},{"role":"roles/firebase.managementServiceAgent","members":["serviceAccount:service-408247003242@gcp-sa-firebase.iam.gserviceaccount.com"]},{"role":"roles/firebase.sdkAdminServiceAgent","members":["serviceAccount:firebase-adminsdk-fbsvc@medsafe-a1fdf.iam.gserviceaccount.com"]},{"role":"roles/iam.serviceAccountTokenCreator","members":["serviceAccount:firebase-adminsdk-fbsvc@medsafe-a1fdf.iam.gserviceaccount.com"]},{"role":"roles/owner","members":["user:anhtriet1810@gmail.com"]},{"role":"roles/run.serviceAgent","members":["serviceAccount:service-408247003242@serverless-robot-prod.iam.gserviceaccount.com"]},{"role":"roles/storage.objectViewer","members":["serviceAccount:firebase-app-hosting-compute@medsafe-a1fdf.iam.gserviceaccount.com"]}]},"updateMask":"bindings"}
[debug] [2025-06-27T00:20:46.381Z] <<< [apiv2][status] POST https://cloudresourcemanager.googleapis.com/v1/projects/medsafe-a1fdf:setIamPolicy 200
[debug] [2025-06-27T00:20:46.381Z] <<< [apiv2][body] POST https://cloudresourcemanager.googleapis.com/v1/projects/medsafe-a1fdf:setIamPolicy {"version":1,"etag":"BwY4gqY7IFI=","bindings":[{"role":"roles/cloudbuild.builds.builder","members":["serviceAccount:408247003242@cloudbuild.gserviceaccount.com"]},{"role":"roles/cloudbuild.serviceAgent","members":["serviceAccount:service-408247003242@gcp-sa-cloudbuild.iam.gserviceaccount.com"]},{"role":"roles/containerregistry.ServiceAgent","members":["serviceAccount:service-408247003242@containerregistry.iam.gserviceaccount.com"]},{"role":"roles/editor","members":["serviceAccount:408247003242-compute@developer.gserviceaccount.com"]},{"role":"roles/firebase.managementServiceAgent","members":["serviceAccount:service-408247003242@gcp-sa-firebase.iam.gserviceaccount.com"]},{"role":"roles/firebase.sdkAdminServiceAgent","members":["serviceAccount:firebase-adminsdk-fbsvc@medsafe-a1fdf.iam.gserviceaccount.com"]},{"role":"roles/iam.serviceAccountTokenCreator","members":["serviceAccount:firebase-adminsdk-fbsvc@medsafe-a1fdf.iam.gserviceaccount.com"]},{"role":"roles/owner","members":["user:anhtriet1810@gmail.com"]},{"role":"roles/run.serviceAgent","members":["serviceAccount:service-408247003242@serverless-robot-prod.iam.gserviceaccount.com"]},{"role":"roles/storage.objectViewer","members":["serviceAccount:firebase-app-hosting-compute@medsafe-a1fdf.iam.gserviceaccount.com"]}]}
[info] i  This command links your local project to Firebase App Hosting. You will be able to deploy your web app with `firebase deploy` after setup. 
[debug] [2025-06-27T00:21:21.279Z] ExitPromptError: User force closed the prompt with SIGINT
    at Interface.sigint (C:\Users\Anh Triet\AppData\Roaming\npm\node_modules\firebase-tools\node_modules\@inquirer\core\dist\commonjs\lib\create-prompt.js:101:37)
    at Interface.emit (node:events:518:28)
    at Interface.emit (node:domain:489:12)
    at [_ttyWrite] [as _ttyWrite] (node:internal/readline/interface:1132:18)
    at ReadStream.onkeypress (node:internal/readline/interface:271:20)
    at ReadStream.emit (node:events:530:35)
    at ReadStream.emit (node:domain:489:12)
    at emitKeys (node:internal/readline/utils:370:14)
    at emitKeys.next (<anonymous>)
    at ReadStream.onData (node:internal/readline/emitKeypressEvents:64:36)
[error] 
[error] Error: An unexpected error has occurred.
